<?xml version="1.0" encoding="UTF-8"?>
<testng-results skipped="0" failed="0" ignored="0" total="1" passed="1">
  <reporter-output>
  </reporter-output>
  <suite name="Demo Git Repo Application Test Automation Test Suite" duration-ms="197" started-at="2021-03-23T13:37:22 PDT" finished-at="2021-03-23T13:37:23 PDT">
    <groups>
    </groups>
    <test name="Demo  Repo App Test Cases" duration-ms="197" started-at="2021-03-23T13:37:22 PDT" finished-at="2021-03-23T13:37:23 PDT">
      <class name="com.qa.test.LoginTest">
        <test-method status="PASS" signature="test1()[pri:0, instance:com.qa.test.LoginTest@3891771e]" name="test1" duration-ms="31" started-at="2021-03-23T13:37:23 PDT" finished-at="2021-03-23T13:37:23 PDT">
          <reporter-output>
          </reporter-output>
        </test-method> <!-- test1 -->
      </class> <!-- com.qa.test.LoginTest -->
    </test> <!-- Demo  Repo App Test Cases -->
  </suite> <!-- Demo Git Repo Application Test Automation Test Suite -->
</testng-results>
